Copyright 1986-2022 Xilinx, Inc. All Rights Reserved. Copyright 2022-2024 Advanced Micro Devices, Inc. All Rights Reserved.
---------------------------------------------------------------------------------------------------------------------------------------------
| Tool Version : Vivado v.2024.1 (lin64) Build 5076996 Wed May 22 18:36:09 MDT 2024
| Date         : Sat Nov 16 13:46:15 2024
| Host         : eecs-digital-07 running 64-bit Ubuntu 24.04.1 LTS
| Command      : report_utilization -file obj/post_synth_util.rpt -hierarchical -hierarchical_depth 4
| Design       : top_level
| Device       : xc7s50csga324-1
| Speed File   : -1
| Design State : Synthesized
---------------------------------------------------------------------------------------------------------------------------------------------

Utilization Design Information

Table of Contents
-----------------
1. Utilization by Hierarchy

1. Utilization by Hierarchy
---------------------------

+------------------------+-----------------------------+------------+------------+---------+------+-----+--------+--------+------------+
|        Instance        |            Module           | Total LUTs | Logic LUTs | LUTRAMs | SRLs | FFs | RAMB36 | RAMB18 | DSP Blocks |
+------------------------+-----------------------------+------------+------------+---------+------+-----+--------+--------+------------+
| top_level              |                       (top) |         60 |         60 |       0 |    0 |  63 |      0 |      0 |          0 |
|   (top_level)          |                       (top) |          0 |          0 |       0 |    0 |   0 |      0 |      0 |          0 |
|   led_driver_inst      |                  led_driver |         60 |         60 |       0 |    0 |  63 |      0 |      0 |          0 |
|     (led_driver_inst)  |                  led_driver |          1 |          1 |       0 |    0 |  44 |      0 |      0 |          0 |
|     bit_counter_module | evt_counter__parameterized0 |         28 |         28 |       0 |    0 |   5 |      0 |      0 |          0 |
|     cyc_counter_module | evt_counter__parameterized1 |         28 |         28 |       0 |    0 |  13 |      0 |      0 |          0 |
|     led_counter_module |                 evt_counter |          3 |          3 |       0 |    0 |   1 |      0 |      0 |          0 |
+------------------------+-----------------------------+------------+------------+---------+------+-----+--------+--------+------------+


